<?xml version="1.0" encoding="UTF-8"?>
<testng-results ignored="0" total="1" passed="1" failed="0" skipped="0">
  <reporter-output>
  </reporter-output>
  <suite started-at="2023-10-04T22:21:01 IST" name="Default suite" finished-at="2023-10-04T22:21:16 IST" duration-ms="14778">
    <groups>
    </groups>
    <test started-at="2023-10-04T22:21:01 IST" name="Default test" finished-at="2023-10-04T22:21:16 IST" duration-ms="14778">
      <class name="jenkinsMavenIntegration.SampleTestCase">
        <test-method signature="Testgoogle()[pri:0, instance:jenkinsMavenIntegration.SampleTestCase@221a3fa4]" started-at="2023-10-04T22:21:01 IST" name="Testgoogle" finished-at="2023-10-04T22:21:16 IST" duration-ms="14694" status="PASS">
          <reporter-output>
          </reporter-output>
        </test-method> <!-- Testgoogle -->
      </class> <!-- jenkinsMavenIntegration.SampleTestCase -->
    </test> <!-- Default test -->
  </suite> <!-- Default suite -->
</testng-results>
